<?xml version="1.0" encoding="UTF-8"?>
<testng-results skipped="0" failed="0" total="1" passed="1">
  <reporter-output>
  </reporter-output>
  <suite name="Default suite" duration-ms="7630" started-at="2020-09-21T04:06:27Z" finished-at="2020-09-21T04:06:35Z">
    <groups>
    </groups>
    <test name="Default test" duration-ms="7630" started-at="2020-09-21T04:06:27Z" finished-at="2020-09-21T04:06:35Z">
      <class name="com.oauth.project.Oauth2Example">
        <test-method status="PASS" signature="oAuthtest()[pri:0, instance:com.oauth.project.Oauth2Example@35bbe5e8]" name="oAuthtest" duration-ms="7589" started-at="2020-09-20T23:06:27Z" finished-at="2020-09-20T23:06:35Z">
          <reporter-output>
          </reporter-output>
        </test-method> <!-- oAuthtest -->
      </class> <!-- com.oauth.project.Oauth2Example -->
    </test> <!-- Default test -->
  </suite> <!-- Default suite -->
</testng-results>
